-------------------------------------------------------------------------------
Test set: org.globallogic.EOCheckTest
-------------------------------------------------------------------------------
Tests run: 1, Failures: 1, Errors: 0, Skipped: 0, Time elapsed: 0.011 s <<< FAILURE! - in org.globallogic.EOCheckTest
EOcheck  Time elapsed: 0.008 s  <<< FAILURE!
org.opentest4j.AssertionFailedError: expected: <Even> but was: <Odd>
	at org.globallogic.EOCheckTest.EOcheck(EOCheckTest.java:14)

